This is pdfTeX, Version 3.14159265-2.6-1.40.16 (MiKTeX 2.9 64-bit) (preloaded format=pdflatex 2015.9.17)  28 APR 2017 16:41
entering extended mode
**C:/Users/stratumx/Desktop/СѓС‡РµР±Р°/РЅРёСЂ/latex/doc/latex/disser/templates/
specialist/a.tex

(C:/Users/stratumx/Desktop/СѓС‡РµР±Р°/РЅРёСЂ/latex/doc/latex/disser/templates/s
pecialist/a.tex
LaTeX2e <2015/01/01> patch level 2
Babel <3.9m> and hyphenation patterns for 2 languages loaded.
! Undefined control sequence.
l.1 \chapter
            {Текст программы определения метки}
? 
! Emergency stop.
l.1 \chapter
            {Текст программы определения метки}
End of file on the terminal!

 
Here is how much of TeX's memory you used:
 7 strings out of 495071
 321 string characters out of 3180723
 48654 words of memory out of 3000000
 3345 multiletter control sequences out of 15000+200000
 3640 words of font info for 14 fonts, out of 3000000 for 9000
 198 hyphenation exceptions out of 8191
 5i,0n,1p,140b,8s stack positions out of 5000i,500n,10000p,200000b,50000s
!  ==> Fatal error occurred, no output PDF file produced!
