This is pdfTeX, Version 3.14159265-2.6-1.40.16 (MiKTeX 2.9 64-bit) (preloaded format=pdflatex 2015.9.17)  15 MAY 2017 23:11
entering extended mode
**C:/Users/stratumx/Desktop/СѓС‡РµР±Р°/РЅРёСЂ/latex/doc/latex/disser/templates/
specialist/thesis.tex

(C:/Users/stratumx/Desktop/СѓС‡РµР±Р°/РЅРёСЂ/latex/doc/latex/disser/templates/s
pecialist/thesis.tex
LaTeX2e <2015/01/01> patch level 2
Babel <3.9m> and hyphenation patterns for 2 languages loaded.
(disser.cls
Document Class: disser 2017/03/03 1.4.1 Document class for dissertations
(C:\Miktex\tex\latex\oberdiek\kvoptions.sty
Package: kvoptions 2011/06/30 v3.11 Key value format for package options (HO)

(C:\Miktex\tex\latex\graphics\keyval.sty
Package: keyval 2014/10/28 v1.15 key=value parser (DPC)
\KV@toks@=\toks14
)
(C:\Miktex\tex\generic\oberdiek\ltxcmds.sty
Package: ltxcmds 2011/11/09 v1.22 LaTeX kernel commands for general use (HO)
)
(C:\Miktex\tex\generic\oberdiek\kvsetkeys.sty
Package: kvsetkeys 2012/04/25 v1.16 Key value parser (HO)

(C:\Miktex\tex\generic\oberdiek\infwarerr.sty
Package: infwarerr 2010/04/08 v1.3 Providing info/warning/error messages (HO)
)
(C:\Miktex\tex\generic\oberdiek\etexcmds.sty
Package: etexcmds 2011/02/16 v1.5 Avoid name clashes with e-TeX commands (HO)

(C:\Miktex\tex\generic\oberdiek\ifluatex.sty
Package: ifluatex 2010/03/01 v1.3 Provides the ifluatex switch (HO)
Package ifluatex Info: LuaTeX not detected.
)
Package etexcmds Info: Could not find \expanded.
(etexcmds)             That can mean that you are not using pdfTeX 1.50 or
(etexcmds)             that some package has redefined \expanded.
(etexcmds)             In the latter case, load this package earlier.
)))
(C:\Miktex\tex\generic\oberdiek\ifpdf.sty
Package: ifpdf 2011/01/30 v2.3 Provides the ifpdf switch (HO)
Package ifpdf Info: pdfTeX in PDF mode is detected.
) (C:\Miktex\tex\latex\base\ifthen.sty
Package: ifthen 2014/09/29 v1.1c Standard LaTeX ifthen package (DPC)
) (C:\Miktex\tex\latex\textcase\textcase.sty
Package: textcase 2004/10/07 v0.07 Text only upper/lower case changing (DPC)
)
(C:\Miktex\tex\latex\extsizes\size14.clo
File: size14.clo 1999/11/11 v1.4a NON-Standard LaTeX file (size option)
) (C:\Miktex\tex\latex\base\exscale.sty
Package: exscale 2014/09/29 v2.1h Standard LaTeX package exscale
LaTeX Font Info:    Redeclaring symbol font `largesymbols' on input line 57.
LaTeX Font Info:    Overwriting symbol font `largesymbols' in version `normal'
(Font)                  OMX/cmex/m/n --> OMX/cmex/m/n on input line 57.
LaTeX Font Info:    Overwriting symbol font `largesymbols' in version `bold'
(Font)                  OMX/cmex/m/n --> OMX/cmex/m/n on input line 57.
\big@size=\dimen102
)
\c@part=\count79
\c@chapter=\count80
\c@section=\count81
\c@subsection=\count82
\c@subsubsection=\count83
\c@paragraph=\count84
\c@subparagraph=\count85
\c@figure=\count86
\c@table=\count87
\chapterindent=\skip41
\schapterindent=\skip42
\abovecaptionskip=\skip43
\belowcaptionskip=\skip44
\footnoteindent=\skip45
 (titledefs.rtx
File: titledefs.rtx 
\fieldhshift=\skip46
)
\bibindent=\dimen103
 (C:\Miktex\tex\latex\natbib\natbib.sty
Package: natbib 2010/09/13 8.31b (PWD, AO)
\bibhang=\skip47
\bibsep=\skip48
LaTeX Info: Redefining \cite on input line 694.
\c@NAT@ctr=\count88
)
(C:\Miktex\tex\latex\caption\caption.sty
Package: caption 2013/05/02 v3.3-89 Customizing captions (AR)

(C:\Miktex\tex\latex\caption\caption3.sty
Package: caption3 2013/05/02 v1.6-88 caption3 kernel (AR)
Package caption3 Info: TeX engine: e-TeX on input line 57.
\captionmargin=\dimen104
\captionmargin@=\dimen105
\captionwidth=\dimen106
\caption@tempdima=\dimen107
\caption@indent=\dimen108
\caption@parindent=\dimen109
\caption@hangindent=\dimen110
Package caption Info: Unknown document class (or package),
(caption)             standard defaults will be used.
)

Package caption Warning: Unsupported document class (or package) detected,
(caption)                usage of the caption package is not recommended.
See the caption package documentation for explanation.

Package caption Info: \@makecaption = \long macro:#1#2->\vskip \abovecaptionski
p \sbox \@tempboxa {{\captionlabelfont #1\captionlabeldelim } {\captionfont #2}
}\ifdim \wd \@tempboxa >\hsize {{\captionlabelfont #1\captionlabeldelim } {\cap
tionfont #2}}\par \else \global \@minipagefalse \hb@xt@ \hsize {\hfil \box \@te
mpboxa \hfil }\fi \vskip \belowcaptionskip .
\c@ContinuedFloat=\count89
) (C:\Miktex\tex\latex\caption\subcaption.sty
Package: subcaption 2013/02/03 v1.1-62 Sub-captions (AR)
\c@subfigure=\count90
\c@subtable=\count91
)
(C:\Miktex\tex\latex\hyperref\hyperref.sty
Package: hyperref 2012/11/06 v6.83m Hypertext links for LaTeX

(C:\Miktex\tex\generic\oberdiek\hobsub-hyperref.sty
Package: hobsub-hyperref 2012/04/25 v1.12 Bundle oberdiek, subset hyperref (HO)


(C:\Miktex\tex\generic\oberdiek\hobsub-generic.sty
Package: hobsub-generic 2012/04/25 v1.12 Bundle oberdiek, subset generic (HO)
Package: hobsub 2012/04/25 v1.12 Construct package bundles (HO)
Package hobsub Info: Skipping package `infwarerr' (already loaded).
Package hobsub Info: Skipping package `ltxcmds' (already loaded).
Package hobsub Info: Skipping package `ifluatex' (already loaded).
Package: ifvtex 2010/03/01 v1.5 Detect VTeX and its facilities (HO)
Package ifvtex Info: VTeX not detected.
Package: intcalc 2007/09/27 v1.1 Expandable calculations with integers (HO)
Package hobsub Info: Skipping package `ifpdf' (already loaded).
Package hobsub Info: Skipping package `etexcmds' (already loaded).
Package hobsub Info: Skipping package `kvsetkeys' (already loaded).
Package: kvdefinekeys 2011/04/07 v1.3 Define keys (HO)
Package: pdftexcmds 2011/11/29 v0.20 Utility functions of pdfTeX for LuaTeX (HO
)
Package pdftexcmds Info: LuaTeX not detected.
Package pdftexcmds Info: \pdf@primitive is available.
Package pdftexcmds Info: \pdf@ifprimitive is available.
Package pdftexcmds Info: \pdfdraftmode found.
Package: pdfescape 2011/11/25 v1.13 Implements pdfTeX's escape features (HO)
Package: bigintcalc 2012/04/08 v1.3 Expandable calculations on big integers (HO
)
Package: bitset 2011/01/30 v1.1 Handle bit-vector datatype (HO)
Package: uniquecounter 2011/01/30 v1.2 Provide unlimited unique counter (HO)
)
Package hobsub Info: Skipping package `hobsub' (already loaded).
Package: letltxmacro 2010/09/02 v1.4 Let assignment for LaTeX macros (HO)
Package: hopatch 2011/06/24 v1.1 Wrapper for package hooks (HO)
Package: xcolor-patch 2011/01/30 xcolor patch
Package: atveryend 2011/06/30 v1.8 Hooks at the very end of document (HO)
Package atveryend Info: \enddocument detected (standard20110627).
Package: atbegshi 2011/10/05 v1.16 At begin shipout hook (HO)
Package: refcount 2011/10/16 v3.4 Data extraction from label references (HO)
Package: hycolor 2011/01/30 v1.7 Color options for hyperref/bookmark (HO)
)
(C:\Miktex\tex\generic\ifxetex\ifxetex.sty
Package: ifxetex 2010/09/12 v0.6 Provides ifxetex conditional
)
(C:\Miktex\tex\latex\oberdiek\auxhook.sty
Package: auxhook 2011/03/04 v1.3 Hooks for auxiliary files (HO)
)
\@linkdim=\dimen111
\Hy@linkcounter=\count92
\Hy@pagecounter=\count93

(C:\Miktex\tex\latex\hyperref\pd1enc.def
File: pd1enc.def 2012/11/06 v6.83m Hyperref: PDFDocEncoding definition (HO)
)
\Hy@SavedSpaceFactor=\count94

(C:\Miktex\tex\latex\00miktex\hyperref.cfg
File: hyperref.cfg 2002/06/06 v1.2 hyperref configuration of TeXLive
)
Package hyperref Info: Option `colorlinks' set `true' on input line 4319.
Package hyperref Info: Option `unicode' set `true' on input line 4319.

(C:\Miktex\tex\latex\hyperref\puenc.def
File: puenc.def 2012/11/06 v6.83m Hyperref: PDF Unicode definition (HO)
)
Package hyperref Info: Hyper figures OFF on input line 4443.
Package hyperref Info: Link nesting OFF on input line 4448.
Package hyperref Info: Hyper index ON on input line 4451.
Package hyperref Info: Plain pages OFF on input line 4458.
Package hyperref Info: Backreferencing OFF on input line 4463.
Package hyperref Info: Implicit mode ON; LaTeX internals redefined.
Package hyperref Info: Bookmarks ON on input line 4688.
\c@Hy@tempcnt=\count95
 (C:\Miktex\tex\latex\url\url.sty
\Urlmuskip=\muskip10
Package: url 2013/09/16  ver 3.4  Verb mode for urls, etc.
)
LaTeX Info: Redefining \url on input line 5041.
\XeTeXLinkMargin=\dimen112
\Fld@menulength=\count96
\Field@Width=\dimen113
\Fld@charsize=\dimen114
Package hyperref Info: Hyper figures OFF on input line 6295.
Package hyperref Info: Link nesting OFF on input line 6300.
Package hyperref Info: Hyper index ON on input line 6303.
Package hyperref Info: backreferencing OFF on input line 6310.
Package hyperref Info: Link coloring ON on input line 6313.
Package hyperref Info: Link coloring with OCG OFF on input line 6320.
Package hyperref Info: PDF/A mode OFF on input line 6325.
LaTeX Info: Redefining \ref on input line 6365.
LaTeX Info: Redefining \pageref on input line 6369.
\Hy@abspage=\count97
\c@Item=\count98
\c@Hfootnote=\count99
)

Package hyperref Message: Driver: hpdftex.

(C:\Miktex\tex\latex\hyperref\hpdftex.def
File: hpdftex.def 2012/11/06 v6.83m Hyperref driver for pdfTeX
\Fld@listcount=\count100
\c@bookmark@seq@number=\count101

(C:\Miktex\tex\latex\oberdiek\rerunfilecheck.sty
Package: rerunfilecheck 2011/04/15 v1.7 Rerun checks for auxiliary files (HO)
Package uniquecounter Info: New unique counter `rerunfilecheck' on input line 2
82.
)
\Hy@SectionHShift=\skip49
)
Package hyperref Info: Option `colorlinks' set `false' on input line 1453.
Package hyperref Info: Option `bookmarksopen' set `true' on input line 1453.
Package hyperref Info: Option `bookmarksnumbered' set `true' on input line 1453
.

(C:\Miktex\tex\latex\graphics\graphicx.sty
Package: graphicx 2014/10/28 v1.0g Enhanced LaTeX Graphics (DPC,SPQR)

(C:\Miktex\tex\latex\graphics\graphics.sty
Package: graphics 2014/10/28 v1.0p Standard LaTeX Graphics (DPC,SPQR)

(C:\Miktex\tex\latex\graphics\trig.sty
Package: trig 1999/03/16 v1.09 sin cos tan (DPC)
)
(C:\Miktex\tex\latex\00miktex\graphics.cfg
File: graphics.cfg 2007/01/18 v1.5 graphics configuration of teTeX/TeXLive
)
Package graphics Info: Driver file: pdftex.def on input line 94.

(C:\Miktex\tex\latex\pdftex-def\pdftex.def
File: pdftex.def 2011/05/27 v0.06d Graphics/color for pdfTeX
\Gread@gobject=\count102
))
\Gin@req@height=\dimen115
\Gin@req@width=\dimen116
)
(C:\Miktex\tex\latex\cmap\cmap.sty
Package: cmap 2008/03/06 v1.0h CMap support: searchable PDF
) (C:\Miktex\tex\latex\graphics\color.sty
Package: color 2014/10/28 v1.1a Standard LaTeX Color (DPC)

(C:\Miktex\tex\latex\00miktex\color.cfg
File: color.cfg 2007/01/18 v1.5 color configuration of teTeX/TeXLive
)
Package color Info: Driver file: pdftex.def on input line 142.
)
Package hyperref Info: Option `colorlinks' set `true' on input line 1472.
) (specialist.rtx
File: specialist.rtx 
)
(C:\Miktex\tex\latex\geometry\geometry.sty
Package: geometry 2010/09/12 v5.6 Page Geometry
\Gm@cnth=\count103
\Gm@cntv=\count104
\c@Gm@tempcnt=\count105
\Gm@bindingoffset=\dimen117
\Gm@wd@mp=\dimen118
\Gm@odd@mp=\dimen119
\Gm@even@mp=\dimen120
\Gm@layoutwidth=\dimen121
\Gm@layoutheight=\dimen122
\Gm@layouthoffset=\dimen123
\Gm@layoutvoffset=\dimen124
\Gm@dimlist=\toks15

(C:\Miktex\tex\latex\geometry\geometry.cfg))
(C:\Miktex\tex\latex\amsmath\amsmath.sty
Package: amsmath 2013/01/14 v2.14 AMS math features
\@mathmargin=\skip50

For additional information on amsmath, use the `?' option.
(C:\Miktex\tex\latex\amsmath\amstext.sty
Package: amstext 2000/06/29 v2.01

(C:\Miktex\tex\latex\amsmath\amsgen.sty
File: amsgen.sty 1999/11/30 v2.0
\@emptytoks=\toks16
\ex@=\dimen125
))
(C:\Miktex\tex\latex\amsmath\amsbsy.sty
Package: amsbsy 1999/11/29 v1.2d
\pmbraise@=\dimen126
)
(C:\Miktex\tex\latex\amsmath\amsopn.sty
Package: amsopn 1999/12/14 v2.01 operator names
)
\inf@bad=\count106
LaTeX Info: Redefining \frac on input line 210.
\uproot@=\count107
\leftroot@=\count108
LaTeX Info: Redefining \overline on input line 306.
\classnum@=\count109
\DOTSCASE@=\count110
LaTeX Info: Redefining \ldots on input line 378.
LaTeX Info: Redefining \dots on input line 381.
LaTeX Info: Redefining \cdots on input line 466.
\Mathstrutbox@=\box26
\strutbox@=\box27
\big@size=\dimen127
LaTeX Font Info:    Redeclaring font encoding OML on input line 566.
LaTeX Font Info:    Redeclaring font encoding OMS on input line 567.
\macc@depth=\count111
\c@MaxMatrixCols=\count112
\dotsspace@=\muskip11
\c@parentequation=\count113
\dspbrk@lvl=\count114
\tag@help=\toks17
\row@=\count115
\column@=\count116
\maxfields@=\count117
\andhelp@=\toks18
\eqnshift@=\dimen128
\alignsep@=\dimen129
\tagshift@=\dimen130
\tagwidth@=\dimen131
\totwidth@=\dimen132
\lineht@=\dimen133
\@envbody=\toks19
\multlinegap=\skip51
\multlinetaggap=\skip52
\mathdisplay@stack=\toks20
LaTeX Info: Redefining \[ on input line 2665.
LaTeX Info: Redefining \] on input line 2666.
)
(C:\Miktex\tex\latex\amsfonts\amssymb.sty
Package: amssymb 2013/01/14 v3.01 AMS font symbols

(C:\Miktex\tex\latex\amsfonts\amsfonts.sty
Package: amsfonts 2013/01/14 v3.01 Basic AMSFonts support
\symAMSa=\mathgroup4
\symAMSb=\mathgroup5
LaTeX Font Info:    Overwriting math alphabet `\mathfrak' in version `bold'
(Font)                  U/euf/m/n --> U/euf/b/n on input line 106.
))
(C:\Miktex\tex\latex\base\fontenc.sty
Package: fontenc 2005/09/27 v1.99g Standard LaTeX package
 (C:\Miktex\tex\latex\cyrillic\t2aenc.def
File: t2aenc.def 2005/09/27 v1.0i Cyrillic encoding definition file
)
LaTeX Font Info:    Try loading font information for T2A+cmr on input line 105.

(C:\Miktex\tex\latex\cyrillic\t2acmr.fd
File: t2acmr.fd 2001/08/11 v1.0a Computer Modern Cyrillic font definitions
)<<t2a.cmap>>)
(C:\Miktex\tex\latex\base\inputenc.sty
Package: inputenc 2015/03/17 v1.2c Input encoding file
\inpenc@prehook=\toks21
\inpenc@posthook=\toks22
 (C:\Miktex\tex\latex\cyrillic\cp1251.def
File: cp1251.def 2014/10/28 v1.0d Input encoding file
)) (C:\Miktex\tex\generic\babel\babel.sty
Package: babel 2015/08/03 3.9m The Babel package

*************************************
* Local config file bblopts.cfg used
*
(C:\Miktex\tex\latex\00miktex\bblopts.cfg
File: bblopts.cfg 2006/07/31 v1.0 MiKTeX 'babel' configuration
)
(C:\Miktex\tex\latex\babel-english\english.ldf
Language: english 2012/08/20 v3.3p English support from the babel system

(C:\Miktex\tex\generic\babel\babel.def
File: babel.def 2015/08/03 3.9m Babel common definitions
\babel@savecnt=\count118
\U@D=\dimen134
)
\l@british = a dialect from \language\l@english 
\l@UKenglish = a dialect from \language\l@english 
\l@canadian = a dialect from \language\l@american 
\l@australian = a dialect from \language\l@british 
\l@newzealand = a dialect from \language\l@british 
)
(C:\Miktex\tex\latex\babel-russian\russianb.ldf
Language: russianb 2015/05/01 1.3g Russian support for the Babel system
Package babel Info: Making " an active character on input line 111.
))
(C:\Miktex\tex\latex\oberdiek\epstopdf.sty
Package: epstopdf 2010/02/09 v2.5 Conversion with epstopdf on the fly (HO)

(C:\Miktex\tex\latex\oberdiek\epstopdf-base.sty
Package: epstopdf-base 2010/02/09 v2.5 Base part for package epstopdf

(C:\Miktex\tex\latex\oberdiek\grfext.sty
Package: grfext 2010/08/19 v1.1 Manage graphics extensions (HO)
)
Package grfext Info: Graphics extension search list:
(grfext)             [.png,.pdf,.jpg,.mps,.jpeg,.jbig2,.jb2,.PNG,.PDF,.JPG,.JPE
G,.JBIG2,.JB2,.eps]
(grfext)             \AppendGraphicsExtensions on input line 452.
))
(C:\Miktex\tex\latex\csquotes\csquotes.sty
Package: csquotes 2015/07/18 v5.1f context-sensitive quotations (JAW)

(C:\Miktex\tex\latex\etoolbox\etoolbox.sty
Package: etoolbox 2015/08/02 v2.2a e-TeX tools for LaTeX (JAW)
\etb@tempcnta=\count119
)
\csq@reset=\count120
\csq@gtype=\count121
\csq@glevel=\count122
\csq@qlevel=\count123
\csq@maxlvl=\count124
\csq@tshold=\count125
\csq@ltx@everypar=\toks23

(C:\Miktex\tex\latex\csquotes\csquotes.def
File: csquotes.def 2015/07/18 v5.1f csquotes generic definitions (JAW)
)
Package csquotes Info: Trying to load configuration file 'csquotes.cfg'...
Package csquotes Info: ... configuration file loaded successfully.

(C:\Miktex\tex\latex\csquotes\csquotes.cfg
File: csquotes.cfg 
)
Package csquotes Info: Enabling multilingual quotes.
)
(C:\Miktex\tex\latex\listings\listings.sty
\lst@mode=\count126
\lst@gtempboxa=\box28
\lst@token=\toks24
\lst@length=\count127
\lst@currlwidth=\dimen135
\lst@column=\count128
\lst@pos=\count129
\lst@lostspace=\dimen136
\lst@width=\dimen137
\lst@newlines=\count130
\lst@lineno=\count131
\lst@maxwidth=\dimen138

(C:\Miktex\tex\latex\listings\lstmisc.sty
File: lstmisc.sty 2015/06/04 1.6 (Carsten Heinz)
\c@lstnumber=\count132
\lst@skipnumbers=\count133
\lst@framebox=\box29
)
(C:\Miktex\tex\latex\listings\listings.cfg
File: listings.cfg 2015/06/04 1.6 listings configuration
))
Package: listings 2015/06/04 1.6 (Carsten Heinz)
LaTeX Font Info:    Try loading font information for T2A+qcr on input line 28.
LaTeX Font Info:    No file T2Aqcr.fd. on input line 28.


LaTeX Font Warning: Font shape `T2A/qcr/m/n' undefined
(Font)              using `T2A/cmr/m/n' instead on input line 28.

(C:\Miktex\tex\latex\wrapfig\wrapfig.sty
\wrapoverhang=\dimen139
\WF@size=\dimen140
\c@WF@wrappedlines=\count134
\WF@box=\box30
\WF@everypar=\toks25
Package: wrapfig 2003/01/31  v 3.6
)
Package csquotes Info: Checking for multilingual support...
Package csquotes Info: ... found 'babel' package.
 (thesis.aux)
LaTeX Font Info:    Checking defaults for OML/cmm/m/it on input line 74.
LaTeX Font Info:    ... okay on input line 74.
LaTeX Font Info:    Checking defaults for T1/cmr/m/n on input line 74.
LaTeX Font Info:    ... okay on input line 74.
LaTeX Font Info:    Checking defaults for OT1/cmr/m/n on input line 74.
LaTeX Font Info:    ... okay on input line 74.
LaTeX Font Info:    Checking defaults for OMS/cmsy/m/n on input line 74.
LaTeX Font Info:    ... okay on input line 74.
LaTeX Font Info:    Checking defaults for OMX/cmex/m/n on input line 74.
LaTeX Font Info:    ... okay on input line 74.
LaTeX Font Info:    Checking defaults for U/cmr/m/n on input line 74.
LaTeX Font Info:    ... okay on input line 74.
LaTeX Font Info:    Checking defaults for PD1/pdf/m/n on input line 74.
LaTeX Font Info:    ... okay on input line 74.
LaTeX Font Info:    Checking defaults for PU/pdf/m/n on input line 74.
LaTeX Font Info:    ... okay on input line 74.
LaTeX Font Info:    Checking defaults for T2A/cmr/m/n on input line 74.
LaTeX Font Info:    ... okay on input line 74.
Package caption Info: Begin \AtBeginDocument code.
Package caption Info: hyperref package is loaded.
Package caption Info: listings package is loaded.
Package caption Info: wrapfig package is loaded.
Package caption Info: End \AtBeginDocument code.
\AtBeginShipoutBox=\box31
Package hyperref Info: Link coloring ON on input line 74.

(C:\Miktex\tex\latex\hyperref\nameref.sty
Package: nameref 2012/10/27 v2.43 Cross-referencing by name of section

(C:\Miktex\tex\generic\oberdiek\gettitlestring.sty
Package: gettitlestring 2010/12/03 v1.4 Cleanup title references (HO)
)
\c@section@level=\count135
)
LaTeX Info: Redefining \ref on input line 74.
LaTeX Info: Redefining \pageref on input line 74.
LaTeX Info: Redefining \nameref on input line 74.
 (thesis.out) (thesis.out)
\@outlinefile=\write3

(C:\Miktex\tex\context\base\supp-pdf.mkii
[Loading MPS to PDF converter (version 2006.09.02).]
\scratchcounter=\count136
\scratchdimen=\dimen141
\scratchbox=\box32
\nofMPsegments=\count137
\nofMParguments=\count138
\everyMPshowfont=\toks26
\MPscratchCnt=\count139
\MPscratchDim=\dimen142
\MPnumerator=\count140
\makeMPintoPDFobject=\count141
\everyMPtoPDFconversion=\toks27
)
*geometry* driver: auto-detecting
*geometry* detected driver: pdftex
*geometry* verbose mode - [ preamble ] result:
* driver: pdftex
* paper: a4paper
* layout: <same size as paper>
* layoutoffset:(h,v)=(0.0pt,0.0pt)
* modes: 
* h-part:(L,W,R)=(85.35826pt, 469.47049pt, 42.67912pt)
* v-part:(T,H,B)=(56.9055pt, 731.23584pt, 56.9055pt)
* \paperwidth=597.50787pt
* \paperheight=845.04684pt
* \textwidth=469.47049pt
* \textheight=731.23584pt
* \oddsidemargin=13.08827pt
* \evensidemargin=13.08827pt
* \topmargin=-49.28133pt
* \headheight=14.0pt
* \headsep=19.91684pt
* \topskip=14.0pt
* \footskip=28.45274pt
* \marginparwidth=15.0pt
* \marginparsep=10.0pt
* \columnsep=10.0pt
* \skip\footins=12.0pt plus 4.0pt minus 2.0pt
* \hoffset=0.0pt
* \voffset=0.0pt
* \mag=1000
* \@twocolumnfalse
* \@twosidefalse
* \@mparswitchfalse
* \@reversemarginfalse
* (1in=72.27pt=25.4mm, 1cm=28.453pt)

\c@lstlisting=\count142
(thesis.toc<<ot1.cmap>><<oml.cmap>><<oms.cmap>><<omx.cmap>>
LaTeX Font Info:    Try loading font information for U+msa on input line 2.

(C:\Miktex\tex\latex\amsfonts\umsa.fd
File: umsa.fd 2013/01/14 v3.01 AMS symbols A
)
LaTeX Font Info:    Try loading font information for U+msb on input line 2.
 (C:\Miktex\tex\latex\amsfonts\umsb.fd
File: umsb.fd 2013/01/14 v3.01 AMS symbols B
)
[7


{C:/Users/stratumx/AppData/Local/MiKTeX/2.9/pdftex/config/pdftex.map}])
\tf@toc=\write4

[8] (intro.tex [9


] [10] [11] [12]) (1.tex [13] [14

] [15]
Overfull \hbox (9.89847pt too wide) in paragraph at lines 16--17
\T2A/qcr/m/n/14.4 предприятия(ERP), производственными процессами(MES
), заказами(SSM),
 []

[16] [17] <fig/cnc_central.png, id=256, 734.745pt x 323.2075pt>
File: fig/cnc_central.png Graphic file (type png)

<use fig/cnc_central.png>
Package pdftex.def Info: fig/cnc_central.png used on input line 34.
(pdftex.def)             Requested size: 469.47049pt x 206.52167pt.
 [18 <./fig/cnc_central.png>]
Overfull \hbox (3.46353pt too wide) in paragraph at lines 57--58
[]\T2A/cmr/bx/n/14.4 Интероперабельность \T2A/qcr/m/n/14.4 -- возможность ком
муникации с другими про
 []

[19] [20] [21] [22]
<fig/general-holons-structure.png, id=312, 2028.57875pt x 1217.54875pt>
File: fig/general-holons-structure.png Graphic file (type png)

<use fig/general-holons-structure.png>
Package pdftex.def Info: fig/general-holons-structure.png used on input line 89
.
(pdftex.def)             Requested size: 469.47049pt x 281.77669pt.
 [23 <./fig/general-holons-structure.png>]
Overfull \hbox (0.32753pt too wide) in paragraph at lines 102--103
[]\T2A/qcr/m/n/14.4 Поскольку холонические системы представляют собой
 логическое раз
 []

[24] [25]) (2.tex [26] [27

]
<fig/patt-recogn.png, id=349, 764.10469pt x 356.83313pt>
File: fig/patt-recogn.png Graphic file (type png)

<use fig/patt-recogn.png>
Package pdftex.def Info: fig/patt-recogn.png used on input line 18.
(pdftex.def)             Requested size: 469.47049pt x 219.24144pt.


LaTeX Warning: `h' float specifier changed to `ht'.

[28] [29 <./fig/patt-recogn.png>] [30] [31]
Overfull \hbox (4.76132pt too wide) in paragraph at lines 68--69
[]\T2A/cmr/bx/n/14.4 Качественные характеристики. \T2A/qcr/m/n/14.4 Описы
вают качества объекта: раз
 []

[32]
Overfull \hbox (2.26045pt too wide) in paragraph at lines 73--74
\T2A/qcr/m/n/14.4 У каждого объекта из множества существует простран
ство признаков и, как
 []

[33] [34] [35] [36]
Overfull \hbox (1.3599pt too wide) in paragraph at lines 168--169
\T2A/qcr/m/n/14.4 ческих характеристик оптических и разрешающих сре
дств(например,
 []


Overfull \hbox (1.93498pt too wide) in paragraph at lines 169--170
\T2A/qcr/m/n/14.4 тельным освещением, виброгасящим или гиростабили
зированным под
 []


Overfull \hbox (9.72609pt too wide) in paragraph at lines 170--171
\T2A/qcr/m/n/14.4 обусловленные наличием большого количества электр
оприборов в непо
 []

[37] [38] [39] [40] [41]
<fig/structure-elements.png, id=498, 517.935pt x 133.24782pt>
File: fig/structure-elements.png Graphic file (type png)

<use fig/structure-elements.png>
Package pdftex.def Info: fig/structure-elements.png used on input line 252.
(pdftex.def)             Requested size: 328.6279pt x 84.54839pt.

Overfull \hbox (4.83473pt too wide) in paragraph at lines 257--258
[]\T2A/cmr/bx/n/14.4 Контурный анализ. \T2A/qcr/m/n/14.4 Позволяет получа
ть контуры из бинарных изоб
 []

[42] <fig/bug_alg.pdf, id=509, 345.24016pt x 335.56746pt>
File: fig/bug_alg.pdf Graphic file (type pdf)

<use fig/bug_alg.pdf>
Package pdftex.def Info: fig/bug_alg.pdf used on input line 263.
(pdftex.def)             Requested size: 258.21019pt x 250.98883pt.
 [43 <./fig/structure-elements.png> <./fig/bug_alg.pdf>]
[44] [45] [46] [47] <fig/algor.pdf, id=568, 453.19313pt x 257.46187pt>
File: fig/algor.pdf Graphic file (type pdf)

<use fig/algor.pdf>
Package pdftex.def Info: fig/algor.pdf used on input line 346.
(pdftex.def)             Requested size: 422.52057pt x 240.03812pt.
 [48 <./fig/algor.pdf>]
<fig/alg-result.png, id=592, 321.45094pt x 252.945pt>
File: fig/alg-result.png Graphic file (type png)
 <use fig/alg-result.png>
Package pdftex.def Info: fig/alg-result.png used on input line 367.
(pdftex.def)             Requested size: 234.73524pt x 184.71393pt.

[49]) (3.tex [50 <./fig/alg-result.png>] [51

]
Package epstopdf Info: Source file: <fig/control-system.eps>
(epstopdf)                    date: 2017-04-25 14:24:52
(epstopdf)                    size: 128267 bytes
(epstopdf)             Output file: <fig/control-system-eps-converted-to.pdf>
(epstopdf)                    date: 2017-04-25 14:27:09
(epstopdf)                    size: 117213 bytes
(epstopdf)             Command: <epstopdf --outfile=fig/control-system-eps-conv
erted-to.pdf fig/control-system.eps>
(epstopdf)             \includegraphics on input line 12.
Package epstopdf Info: Output file is already uptodate.

<fig/control-system-eps-converted-to.pdf, id=617, 433.62pt x 446.66875pt>
File: fig/control-system-eps-converted-to.pdf Graphic file (type pdf)

<use fig/control-system-eps-converted-to.pdf>
Package pdftex.def Info: fig/control-system-eps-converted-to.pdf used on input 
line 12.
(pdftex.def)             Requested size: 281.68515pt x 290.17448pt.

Overfull \hbox (2.33551pt too wide) in paragraph at lines 19--20
[]\T2A/cmr/bx/n/14.4 Базовый низкоуровневый управляющий контроллер(BLL
C).
 []

[52 <./fig/control-system-eps-converted-to.pdf>]
Overfull \hbox (3.95929pt too wide) in paragraph at lines 21--22
[]\T2A/qcr/m/n/14.4 Также в некоторых случаях BLLC может принимать один
очные управ
 []

[53] [54] <fig/mvm-struct.png, id=643, 2482.27374pt x 3116.64375pt>
File: fig/mvm-struct.png Graphic file (type png)

<use fig/mvm-struct.png>
Package pdftex.def Info: fig/mvm-struct.png used on input line 47.
(pdftex.def)             Requested size: 234.73524pt x 294.70511pt.
 [55 <./fig/mvm-struct.png>]
Underfull \hbox (badness 10000) detected at line 58
[]
 []


Underfull \hbox (badness 7869) in paragraph at lines 75--76
[]\T2A/qcr/m/n/14.4 10/100M Ethernet / RTSP /
 []


Underfull \hbox (badness 10000) detected at line 87
[]
 []

[56]
Underfull \hbox (badness 10000) detected at line 110
[]
 []

[57] [58] <fig/result2.png, id=674, 484.81125pt x 291.33844pt>
File: fig/result2.png Graphic file (type png)

<use fig/result2.png>
Package pdftex.def Info: fig/result2.png used on input line 156.
(pdftex.def)             Requested size: 375.57782pt x 225.70938pt.
 [59 <./fig/result2.png>]) (concl.tex [60] [61

]) [62]
(thesis.lof
Overfull \hbox (1.35901pt too wide) in paragraph at lines 4--4
 [][] [][][]\T2A/qcr/m/n/14.4 Основное представление многоуровневой хол
онической струк 
 []


Overfull \hbox (8.02803pt too wide) in paragraph at lines 7--7
 [][] [][][]\T2A/qcr/m/n/14.4 Основные структурные элементы: прямоугольн
ик, круг и коль 
 []

)
\tf@lof=\write5
 [63

] (thesis.lot)
\tf@lot=\write6
 [64

] (acronyms.tex) (thesis.bbl [65


] [66

]
Underfull \hbox (badness 10000) in paragraph at lines 108--114
[]\OT1/cmr/m/n/14.4 Morales-Velazquez Luis, Romero-Troncoso Rene J., Osornio-
 []

[67] [68]
Underfull \hbox (badness 1097) in paragraph at lines 286--292
[]\OT1/cmr/m/n/14.4 Speeded-up ro-bust fea-tures (SURF) / Her-bert Bay, An-drea
s Ess,
 []

<<ot1tt.cmap>>) (a.tex [69] (C:\Miktex\tex\latex\listings\lstlang1.sty
File: lstlang1.sty 2015/06/04 1.6 listings language file
)
Package hyperref Info: bookmark level for unknown lstlisting defaults to 0 on i
nput line 9.
LaTeX Font Info:    Try loading font information for T2A+cmtt on input line 9.

(C:\Miktex\tex\latex\cyrillic\t2acmtt.fd
File: t2acmtt.fd 2001/08/11 v1.0a Computer Modern Cyrillic font definitions
) [70

] [71] [72]) (b.tex [73]
<fig/table-r.png, id=905, 481.8pt x 361.35pt>
File: fig/table-r.png Graphic file (type png)
 <use fig/table-r.png>
Package pdftex.def Info: fig/table-r.png used on input line 6.
(pdftex.def)             Requested size: 328.6279pt x 246.47565pt.

<fig/laser-head-src.png, id=906, 326.21875pt x 427.5975pt>
File: fig/laser-head-src.png Graphic file (type png)

<use fig/laser-head-src.png>
Package pdftex.def Info: fig/laser-head-src.png used on input line 13.
(pdftex.def)             Requested size: 164.31754pt x 215.39023pt.
) (c.tex [74

 <./fig/table-r.png> <./fig/laser-head-src.png>] <fig/camera.png, id=913, 19.16
34pt x 19.1634pt>
File: fig/camera.png Graphic file (type png)
 <use fig/camera.png>
Package pdftex.def Info: fig/camera.png used on input line 6.
(pdftex.def)             Requested size: 234.73524pt x 234.82184pt.

<fig/wifi_iface.png, id=914, 5.11755pt x 5.11755pt>
File: fig/wifi_iface.png Graphic file (type png)
 <use fig/wifi_iface.png>
Package pdftex.def Info: fig/wifi_iface.png used on input line 13.
(pdftex.def)             Requested size: 234.73524pt x 235.10956pt.

[75

 <./fig/camera.png> <./fig/wifi_iface.png>]
<fig/odroidc2.png, id=921, 1284.8pt x 911.405pt>
File: fig/odroidc2.png Graphic file (type png)
 <use fig/odroidc2.png>
Package pdftex.def Info: fig/odroidc2.png used on input line 22.
(pdftex.def)             Requested size: 352.10286pt x 249.76796pt.
)
Package atveryend Info: Empty hook `BeforeClearDocument' on input line 199.

[76 <./fig/odroidc2.png>]
Package atveryend Info: Empty hook `AfterLastShipout' on input line 199.
 (thesis.aux)
Package atveryend Info: Executing hook `AtVeryEndDocument' on input line 199.
Package atveryend Info: Executing hook `AtEndAfterFileList' on input line 199.
Package rerunfilecheck Info: File `thesis.out' has not changed.
(rerunfilecheck)             Checksum: BE3D140D8F98C19838AA159E4EB4C937;13106.


LaTeX Font Warning: Some font shapes were not available, defaults substituted.

Package atveryend Info: Empty hook `AtVeryVeryEnd' on input line 199.
 ) 
Here is how much of TeX's memory you used:
 15918 strings out of 495071
 222644 string characters out of 3180723
 329140 words of memory out of 3000000
 18498 multiletter control sequences out of 15000+200000
 17731 words of font info for 44 fonts, out of 3000000 for 9000
 198 hyphenation exceptions out of 8191
 43i,13n,42p,1493b,2119s stack positions out of 5000i,500n,10000p,200000b,50000s
{C:/Miktex/fonts/enc/dvips/cm-super/cm-super-t2a.enc}<C:/Miktex/fonts/type1/p
ublic/amsfonts/cm/cmex10.pfb><C:/Miktex/fonts/type1/public/amsfonts/cm/cmmi10.p
fb><C:/Miktex/fonts/type1/public/amsfonts/cm/cmmi12.pfb><C:/Miktex/fonts/type1/
public/amsfonts/cm/cmmi7.pfb><C:/Miktex/fonts/type1/public/amsfonts/cm/cmr10.pf
b><C:/Miktex/fonts/type1/public/amsfonts/cm/cmr12.pfb><C:/Miktex/fonts/type1/pu
blic/amsfonts/cm/cmr7.pfb><C:/Miktex/fonts/type1/public/amsfonts/cm/cmsy10.pfb>
<C:/Miktex/fonts/type1/public/amsfonts/cm/cmtt12.pfb><C:/Miktex/fonts/type1/pub
lic/amsfonts/symbols/msbm10.pfb><C:/Miktex/fonts/type1/public/cm-super/sfbx1440
.pfb><C:/Miktex/fonts/type1/public/cm-super/sfbx1728.pfb><C:/Miktex/fonts/type1
/public/cm-super/sfbx2074.pfb><C:/Miktex/fonts/type1/public/cm-super/sfit1200.p
fb><C:/Miktex/fonts/type1/public/cm-super/sfrm0700.pfb><C:/Miktex/fonts/type1/p
ublic/cm-super/sfrm1000.pfb><C:/Miktex/fonts/type1/public/cm-super/sfrm1200.pfb
><C:/Miktex/fonts/type1/public/cm-super/sfrm1440.pfb><C:/Miktex/fonts/type1/pub
lic/cm-super/sfrm2074.pfb><C:/Miktex/fonts/type1/public/cm-super/sfti1440.pfb><
C:/Miktex/fonts/type1/public/cm-super/sftt1200.pfb><C:/Miktex/fonts/type1/publi
c/cm-super/sfxc1440.pfb><C:/Miktex/fonts/type1/public/cm-super/sfxc2074.pfb>
Output written on thesis.pdf (70 pages, 8318698 bytes).
PDF statistics:
 1080 PDF objects out of 1200 (max. 8388607)
 373 named destinations out of 1000 (max. 500000)
 372 words of extra memory for PDF output out of 10000 (max. 10000000)

